<?xml version="1.0" encoding="UTF-8"?>
<testsuite xmlns:xsi="http://www.w3.org/2001/XMLSchema-instance" xsi:noNamespaceSchemaLocation="https://maven.apache.org/surefire/maven-surefire-plugin/xsd/surefire-test-report-3.0.xsd" version="3.0" name="com.deskdb.core.DeskDBTest" time="0.121" tests="9" errors="0" skipped="0" failures="0">
  <properties>
[...]
</properties>
  <testcase name="testPersistence" classname="com.deskdb.core.DeskDBTest" time="0.019">
    <system-out><![CDATA[16:53:05.401 [main] INFO com.deskdb.core.Transaction -- Starting recovery from WAL: /tmp/test12890214294612614516.deskdb.wal
16:53:05.401 [main] INFO com.deskdb.core.Transaction -- No WAL file found, skipping recovery
16:53:05.418 [main] INFO com.deskdb.storage.Wal -- WAL initialized at /tmp/test12890214294612614516.deskdb.wal
16:53:05.418 [main] INFO com.deskdb.core.DeskDB -- DeskDB opened at /tmp/test12890214294612614516.deskdb with WAL at /tmp/test12890214294612614516.deskdb.wal
16:53:05.418 [main] INFO com.deskdb.core.DeskDB -- Índice 'id_idx' creado en tabla 'usuarios' para columna 'id'
16:53:05.418 [main] INFO com.deskdb.core.DeskDB -- Tabla 'usuarios' creada con 3 columnas
16:53:05.418 [main] INFO com.deskdb.storage.Wal -- WAL closed
16:53:05.418 [main] DEBUG com.deskdb.core.DeskDB -- Base de datos guardada en /tmp/test12890214294612614516.deskdb
16:53:05.418 [main] INFO com.deskdb.core.DeskDB -- DeskDB closed at /tmp/test12890214294612614516.deskdb
16:53:05.419 [main] INFO com.deskdb.core.DeskDB -- Datos cargados desde archivo
16:53:05.419 [main] INFO com.deskdb.core.DeskDB -- Esquemas y datos cargados desde /tmp/test12890214294612614516.deskdb
16:53:05.419 [main] INFO com.deskdb.core.Transaction -- Starting recovery from WAL: /tmp/test12890214294612614516.deskdb.wal
16:53:05.419 [main] INFO com.deskdb.storage.Wal -- WAL initialized at /tmp/test12890214294612614516.deskdb.wal
16:53:05.419 [main] DEBUG com.deskdb.storage.Wal -- Read 0 entries from WAL
16:53:05.419 [main] INFO com.deskdb.storage.Wal -- Recovery: 0 entries total, 0 pending application
16:53:05.419 [main] INFO com.deskdb.storage.Wal -- WAL closed
16:53:05.419 [main] INFO com.deskdb.core.Transaction -- No pending entries to recover
16:53:05.419 [main] INFO com.deskdb.storage.Wal -- WAL initialized at /tmp/test12890214294612614516.deskdb.wal
16:53:05.419 [main] INFO com.deskdb.core.DeskDB -- DeskDB opened at /tmp/test12890214294612614516.deskdb with WAL at /tmp/test12890214294612614516.deskdb.wal
16:53:05.419 [main] INFO com.deskdb.storage.Wal -- WAL closed
16:53:05.419 [main] DEBUG com.deskdb.core.DeskDB -- Base de datos guardada en /tmp/test12890214294612614516.deskdb
16:53:05.419 [main] INFO com.deskdb.core.DeskDB -- DeskDB closed at /tmp/test12890214294612614516.deskdb
]]></system-out>
  </testcase>
  <testcase name="testInsertAndSelect" classname="com.deskdb.core.DeskDBTest" time="0.002">
    <system-out><![CDATA[16:53:05.421 [main] INFO com.deskdb.core.Transaction -- Starting recovery from WAL: /tmp/test15851314325026871031.deskdb.wal
16:53:05.421 [main] INFO com.deskdb.core.Transaction -- No WAL file found, skipping recovery
16:53:05.421 [main] INFO com.deskdb.storage.Wal -- WAL initialized at /tmp/test15851314325026871031.deskdb.wal
16:53:05.421 [main] INFO com.deskdb.core.DeskDB -- DeskDB opened at /tmp/test15851314325026871031.deskdb with WAL at /tmp/test15851314325026871031.deskdb.wal
16:53:05.421 [main] INFO com.deskdb.core.DeskDB -- Índice 'id_idx' creado en tabla 'usuarios' para columna 'id'
16:53:05.421 [main] INFO com.deskdb.core.DeskDB -- Tabla 'usuarios' creada con 3 columnas
16:53:05.421 [main] INFO com.deskdb.storage.Wal -- WAL closed
16:53:05.421 [main] DEBUG com.deskdb.core.DeskDB -- Base de datos guardada en /tmp/test15851314325026871031.deskdb
16:53:05.421 [main] INFO com.deskdb.core.DeskDB -- DeskDB closed at /tmp/test15851314325026871031.deskdb
]]></system-out>
  </testcase>
  <testcase name="testEmptyTable" classname="com.deskdb.core.DeskDBTest" time="0.001">
    <system-out><![CDATA[16:53:05.422 [main] INFO com.deskdb.core.Transaction -- Starting recovery from WAL: /tmp/test5172385813752674846.deskdb.wal
16:53:05.423 [main] INFO com.deskdb.core.Transaction -- No WAL file found, skipping recovery
16:53:05.423 [main] INFO com.deskdb.storage.Wal -- WAL initialized at /tmp/test5172385813752674846.deskdb.wal
16:53:05.423 [main] INFO com.deskdb.core.DeskDB -- DeskDB opened at /tmp/test5172385813752674846.deskdb with WAL at /tmp/test5172385813752674846.deskdb.wal
16:53:05.423 [main] INFO com.deskdb.core.DeskDB -- Índice 'id_idx' creado en tabla 'usuarios' para columna 'id'
16:53:05.423 [main] INFO com.deskdb.core.DeskDB -- Tabla 'usuarios' creada con 3 columnas
16:53:05.423 [main] INFO com.deskdb.storage.Wal -- WAL closed
16:53:05.423 [main] DEBUG com.deskdb.core.DeskDB -- Base de datos guardada en /tmp/test5172385813752674846.deskdb
16:53:05.423 [main] INFO com.deskdb.core.DeskDB -- DeskDB closed at /tmp/test5172385813752674846.deskdb
]]></system-out>
  </testcase>
  <testcase name="testOpenAndClose" classname="com.deskdb.core.DeskDBTest" time="0.015">
    <system-out><![CDATA[16:53:05.438 [main] INFO com.deskdb.core.Transaction -- Starting recovery from WAL: /tmp/test5692374898433997963.deskdb.wal
16:53:05.438 [main] INFO com.deskdb.core.Transaction -- No WAL file found, skipping recovery
16:53:05.438 [main] INFO com.deskdb.storage.Wal -- WAL initialized at /tmp/test5692374898433997963.deskdb.wal
16:53:05.438 [main] INFO com.deskdb.core.DeskDB -- DeskDB opened at /tmp/test5692374898433997963.deskdb with WAL at /tmp/test5692374898433997963.deskdb.wal
16:53:05.438 [main] INFO com.deskdb.core.DeskDB -- Índice 'id_idx' creado en tabla 'usuarios' para columna 'id'
16:53:05.438 [main] INFO com.deskdb.core.DeskDB -- Tabla 'usuarios' creada con 3 columnas
16:53:05.438 [main] INFO com.deskdb.storage.Wal -- WAL closed
16:53:05.438 [main] DEBUG com.deskdb.core.DeskDB -- Base de datos guardada en /tmp/test5692374898433997963.deskdb
16:53:05.438 [main] INFO com.deskdb.core.DeskDB -- DeskDB closed at /tmp/test5692374898433997963.deskdb
]]></system-out>
  </testcase>
  <testcase name="testInsertMultipleAndSelectWithFilter" classname="com.deskdb.core.DeskDBTest" time="0.02">
    <system-out><![CDATA[16:53:05.440 [main] INFO com.deskdb.core.Transaction -- Starting recovery from WAL: /tmp/test4832644172844530625.deskdb.wal
16:53:05.440 [main] INFO com.deskdb.core.Transaction -- No WAL file found, skipping recovery
16:53:05.440 [main] INFO com.deskdb.storage.Wal -- WAL initialized at /tmp/test4832644172844530625.deskdb.wal
16:53:05.440 [main] INFO com.deskdb.core.DeskDB -- DeskDB opened at /tmp/test4832644172844530625.deskdb with WAL at /tmp/test4832644172844530625.deskdb.wal
16:53:05.440 [main] INFO com.deskdb.core.DeskDB -- Índice 'id_idx' creado en tabla 'usuarios' para columna 'id'
16:53:05.441 [main] INFO com.deskdb.core.DeskDB -- Tabla 'usuarios' creada con 3 columnas
16:53:05.458 [main] INFO com.deskdb.storage.Wal -- WAL closed
16:53:05.458 [main] DEBUG com.deskdb.core.DeskDB -- Base de datos guardada en /tmp/test4832644172844530625.deskdb
16:53:05.458 [main] INFO com.deskdb.core.DeskDB -- DeskDB closed at /tmp/test4832644172844530625.deskdb
]]></system-out>
  </testcase>
  <testcase name="testSelectColumns" classname="com.deskdb.core.DeskDBTest" time="0.038">
    <system-out><![CDATA[16:53:05.478 [main] INFO com.deskdb.core.Transaction -- Starting recovery from WAL: /tmp/test2151040207722523164.deskdb.wal
16:53:05.478 [main] INFO com.deskdb.core.Transaction -- No WAL file found, skipping recovery
16:53:05.479 [main] INFO com.deskdb.storage.Wal -- WAL initialized at /tmp/test2151040207722523164.deskdb.wal
16:53:05.479 [main] INFO com.deskdb.core.DeskDB -- DeskDB opened at /tmp/test2151040207722523164.deskdb with WAL at /tmp/test2151040207722523164.deskdb.wal
16:53:05.479 [main] INFO com.deskdb.core.DeskDB -- Índice 'id_idx' creado en tabla 'usuarios' para columna 'id'
16:53:05.479 [main] INFO com.deskdb.core.DeskDB -- Tabla 'usuarios' creada con 3 columnas
16:53:05.479 [main] INFO com.deskdb.storage.Wal -- WAL closed
16:53:05.479 [main] DEBUG com.deskdb.core.DeskDB -- Base de datos guardada en /tmp/test2151040207722523164.deskdb
16:53:05.479 [main] INFO com.deskdb.core.DeskDB -- DeskDB closed at /tmp/test2151040207722523164.deskdb
]]></system-out>
  </testcase>
  <testcase name="testDelete" classname="com.deskdb.core.DeskDBTest" time="0.002">
    <system-out><![CDATA[16:53:05.499 [main] INFO com.deskdb.core.Transaction -- Starting recovery from WAL: /tmp/test17128680073751629496.deskdb.wal
16:53:05.499 [main] INFO com.deskdb.core.Transaction -- No WAL file found, skipping recovery
16:53:05.499 [main] INFO com.deskdb.storage.Wal -- WAL initialized at /tmp/test17128680073751629496.deskdb.wal
16:53:05.499 [main] INFO com.deskdb.core.DeskDB -- DeskDB opened at /tmp/test17128680073751629496.deskdb with WAL at /tmp/test17128680073751629496.deskdb.wal
16:53:05.499 [main] INFO com.deskdb.core.DeskDB -- Índice 'id_idx' creado en tabla 'usuarios' para columna 'id'
16:53:05.499 [main] INFO com.deskdb.core.DeskDB -- Tabla 'usuarios' creada con 3 columnas
16:53:05.500 [main] INFO com.deskdb.storage.Wal -- WAL closed
16:53:05.500 [main] DEBUG com.deskdb.core.DeskDB -- Base de datos guardada en /tmp/test17128680073751629496.deskdb
16:53:05.500 [main] INFO com.deskdb.core.DeskDB -- DeskDB closed at /tmp/test17128680073751629496.deskdb
]]></system-out>
  </testcase>
  <testcase name="testUpdate" classname="com.deskdb.core.DeskDBTest" time="0.003">
    <system-out><![CDATA[16:53:05.503 [main] INFO com.deskdb.core.Transaction -- Starting recovery from WAL: /tmp/test13204678960672102647.deskdb.wal
16:53:05.503 [main] INFO com.deskdb.core.Transaction -- No WAL file found, skipping recovery
16:53:05.503 [main] INFO com.deskdb.storage.Wal -- WAL initialized at /tmp/test13204678960672102647.deskdb.wal
16:53:05.504 [main] INFO com.deskdb.core.DeskDB -- DeskDB opened at /tmp/test13204678960672102647.deskdb with WAL at /tmp/test13204678960672102647.deskdb.wal
16:53:05.504 [main] INFO com.deskdb.core.DeskDB -- Índice 'id_idx' creado en tabla 'usuarios' para columna 'id'
16:53:05.504 [main] INFO com.deskdb.core.DeskDB -- Tabla 'usuarios' creada con 3 columnas
16:53:05.504 [main] INFO com.deskdb.storage.Wal -- WAL closed
16:53:05.504 [main] DEBUG com.deskdb.core.DeskDB -- Base de datos guardada en /tmp/test13204678960672102647.deskdb
16:53:05.504 [main] INFO com.deskdb.core.DeskDB -- DeskDB closed at /tmp/test13204678960672102647.deskdb
]]></system-out>
  </testcase>
  <testcase name="testChainedWhereConditions" classname="com.deskdb.core.DeskDBTest" time="0.016">
    <system-out><![CDATA[16:53:05.518 [main] INFO com.deskdb.core.Transaction -- Starting recovery from WAL: /tmp/test7461958380905580671.deskdb.wal
16:53:05.518 [main] INFO com.deskdb.core.Transaction -- No WAL file found, skipping recovery
16:53:05.519 [main] INFO com.deskdb.storage.Wal -- WAL initialized at /tmp/test7461958380905580671.deskdb.wal
16:53:05.520 [main] INFO com.deskdb.core.DeskDB -- DeskDB opened at /tmp/test7461958380905580671.deskdb with WAL at /tmp/test7461958380905580671.deskdb.wal
16:53:05.520 [main] INFO com.deskdb.core.DeskDB -- Índice 'id_idx' creado en tabla 'usuarios' para columna 'id'
16:53:05.520 [main] INFO com.deskdb.core.DeskDB -- Tabla 'usuarios' creada con 3 columnas
16:53:05.520 [main] INFO com.deskdb.storage.Wal -- WAL closed
16:53:05.520 [main] DEBUG com.deskdb.core.DeskDB -- Base de datos guardada en /tmp/test7461958380905580671.deskdb
16:53:05.520 [main] INFO com.deskdb.core.DeskDB -- DeskDB closed at /tmp/test7461958380905580671.deskdb
]]></system-out>
  </testcase>
</testsuite>