<?xml version="1.0" encoding="UTF-8"?>
<testsuite xmlns:xsi="http://www.w3.org/2001/XMLSchema-instance" xsi:noNamespaceSchemaLocation="https://maven.apache.org/surefire/maven-surefire-plugin/xsd/surefire-test-report-3.0.xsd" version="3.0" name="com.deskdb.index.BTreeTest" time="0.023" tests="8" errors="0" skipped="0" failures="0">
  <properties>
[...]
</properties>
  <testcase name="testInsertAndSearch" classname="com.deskdb.index.BTreeTest" time="0.0"/>
  <testcase name="testRangeSearch" classname="com.deskdb.index.BTreeTest" time="0.0"/>
  <testcase name="testSize" classname="com.deskdb.index.BTreeTest" time="0.0"/>
  <testcase name="testGetName" classname="com.deskdb.index.BTreeTest" time="0.001"/>
  <testcase name="testLargeInsertions" classname="com.deskdb.index.BTreeTest" time="0.001"/>
  <testcase name="testDelete" classname="com.deskdb.index.BTreeTest" time="0.001"/>
  <testcase name="testInsertMultipleSameKey" classname="com.deskdb.index.BTreeTest" time="0.0"/>
  <testcase name="testStringKeys" classname="com.deskdb.index.BTreeTest" time="0.0"/>
</testsuite>