<?xml version="1.0" encoding="UTF-8"?>
<testsuite xmlns:xsi="http://www.w3.org/2001/XMLSchema-instance" xsi:noNamespaceSchemaLocation="https://maven.apache.org/surefire/maven-surefire-plugin/xsd/surefire-test-report-3.0.xsd" version="3.0" name="com.deskdb.storage.ColumnStoreTest" time="0.939" tests="8" errors="0" skipped="0" failures="2">
  <properties>
[...]
</properties>
  <testcase name="testConcurrentReadsAndWrites" classname="com.deskdb.storage.ColumnStoreTest" time="0.362"/>
  <testcase name="testUpdateValue" classname="com.deskdb.storage.ColumnStoreTest" time="0.059"/>
  <testcase name="testInsertAndGetValue" classname="com.deskdb.storage.ColumnStoreTest" time="0.06">
    <failure message="expected: &lt;Ana&gt; but was: &lt;&gt;" type="org.opentest4j.AssertionFailedError"><![CDATA[org.opentest4j.AssertionFailedError: expected: <Ana> but was: <>
	at org.junit.jupiter.api.AssertionFailureBuilder.build(AssertionFailureBuilder.java:151)
	at org.junit.jupiter.api.AssertionFailureBuilder.buildAndThrow(AssertionFailureBuilder.java:132)
	at org.junit.jupiter.api.AssertEquals.failNotEqual(AssertEquals.java:197)
	at org.junit.jupiter.api.AssertEquals.assertEquals(AssertEquals.java:182)
	at org.junit.jupiter.api.AssertEquals.assertEquals(AssertEquals.java:177)
	at org.junit.jupiter.api.Assertions.assertEquals(Assertions.java:1141)
	at com.deskdb.storage.ColumnStoreTest.testInsertAndGetValue(ColumnStoreTest.java:56)
	at java.base/java.lang.reflect.Method.invoke(Method.java:569)
	at java.base/java.util.ArrayList.forEach(ArrayList.java:1511)
	at java.base/java.util.ArrayList.forEach(ArrayList.java:1511)
]]></failure>
  </testcase>
  <testcase name="testMultipleInserts" classname="com.deskdb.storage.ColumnStoreTest" time="0.076"/>
  <testcase name="testConcurrentInserts" classname="com.deskdb.storage.ColumnStoreTest" time="0.125"/>
  <testcase name="testGetColumnValues" classname="com.deskdb.storage.ColumnStoreTest" time="0.035">
    <failure message="expected: &lt;Usuario0&gt; but was: &lt;&gt;" type="org.opentest4j.AssertionFailedError"><![CDATA[org.opentest4j.AssertionFailedError: expected: <Usuario0> but was: <>
	at org.junit.jupiter.api.AssertionFailureBuilder.build(AssertionFailureBuilder.java:151)
	at org.junit.jupiter.api.AssertionFailureBuilder.buildAndThrow(AssertionFailureBuilder.java:132)
	at org.junit.jupiter.api.AssertEquals.failNotEqual(AssertEquals.java:197)
	at org.junit.jupiter.api.AssertEquals.assertEquals(AssertEquals.java:182)
	at org.junit.jupiter.api.AssertEquals.assertEquals(AssertEquals.java:177)
	at org.junit.jupiter.api.Assertions.assertEquals(Assertions.java:1141)
	at com.deskdb.storage.ColumnStoreTest.testGetColumnValues(ColumnStoreTest.java:95)
	at java.base/java.lang.reflect.Method.invoke(Method.java:569)
	at java.base/java.util.ArrayList.forEach(ArrayList.java:1511)
	at java.base/java.util.ArrayList.forEach(ArrayList.java:1511)
]]></failure>
  </testcase>
  <testcase name="testDelete" classname="com.deskdb.storage.ColumnStoreTest" time="0.017"/>
  <testcase name="testScanColumn" classname="com.deskdb.storage.ColumnStoreTest" time="0.018"/>
</testsuite>