<?xml version="1.0" encoding="UTF-8"?>
<testsuite xmlns:xsi="http://www.w3.org/2001/XMLSchema-instance" xsi:noNamespaceSchemaLocation="https://maven.apache.org/surefire/maven-surefire-plugin/xsd/surefire-test-report-3.0.xsd" version="3.0" name="com.deskdb.mapping.ManyToManyTest" time="0.939" tests="3" errors="0" skipped="0" failures="3">
  <properties>
[...]
</properties>
  <testcase name="testBidirectionalRelationshipLoad" classname="com.deskdb.mapping.ManyToManyTest" time="0.723">
    <failure message="expected: not &lt;null&gt;" type="org.opentest4j.AssertionFailedError"><![CDATA[org.opentest4j.AssertionFailedError: expected: not <null>
	at org.junit.jupiter.api.AssertionFailureBuilder.build(AssertionFailureBuilder.java:152)
	at org.junit.jupiter.api.AssertionFailureBuilder.buildAndThrow(AssertionFailureBuilder.java:132)
	at org.junit.jupiter.api.AssertNotNull.failNull(AssertNotNull.java:49)
	at org.junit.jupiter.api.AssertNotNull.assertNotNull(AssertNotNull.java:35)
	at org.junit.jupiter.api.AssertNotNull.assertNotNull(AssertNotNull.java:30)
	at org.junit.jupiter.api.Assertions.assertNotNull(Assertions.java:300)
	at com.deskdb.mapping.ManyToManyTest.testBidirectionalRelationshipLoad(ManyToManyTest.java:171)
	at java.base/java.lang.reflect.Method.invoke(Method.java:569)
	at java.base/java.util.ArrayList.forEach(ArrayList.java:1511)
	at java.base/java.util.ArrayList.forEach(ArrayList.java:1511)
]]></failure>
    <system-out><![CDATA[18:35:18.014 [main] WARN com.deskdb.core.DeskDB -- La ruta no termina en .deskdb, pero se procederá
18:35:18.033 [main] DEBUG com.deskdb.core.DeskDB -- Base de datos guardada en test_mtm.db
18:35:18.034 [main] INFO com.deskdb.core.DeskDB -- DeskDB opened at /workspace/test_mtm.db
18:35:18.053 [main] INFO com.deskdb.core.DeskDB -- Índice 'id_idx' creado en tabla 'students' para columna 'id'
18:35:18.053 [main] INFO com.deskdb.core.DeskDB -- Tabla 'students' creada con 2 columnas
18:35:18.054 [main] INFO com.deskdb.core.DeskDB -- Índice 'id_idx' creado en tabla 'courses' para columna 'id'
18:35:18.054 [main] INFO com.deskdb.core.DeskDB -- Tabla 'courses' creada con 2 columnas
18:35:18.054 [main] INFO com.deskdb.core.DeskDB -- Tabla 'student_course' creada con 2 columnas
18:35:18.213 [main] DEBUG com.deskdb.core.DeskDB -- Base de datos guardada en test_mtm.db
18:35:18.213 [main] INFO com.deskdb.core.DeskDB -- DeskDB closed at /workspace/test_mtm.db
]]></system-out>
  </testcase>
  <testcase name="testJoinTableCreatedAndPopulated" classname="com.deskdb.mapping.ManyToManyTest" time="0.041">
    <failure message="expected: &lt;1&gt; but was: &lt;0&gt;" type="org.opentest4j.AssertionFailedError"><![CDATA[org.opentest4j.AssertionFailedError: expected: <1> but was: <0>
	at org.junit.jupiter.api.AssertionFailureBuilder.build(AssertionFailureBuilder.java:151)
	at org.junit.jupiter.api.AssertionFailureBuilder.buildAndThrow(AssertionFailureBuilder.java:132)
	at org.junit.jupiter.api.AssertEquals.failNotEqual(AssertEquals.java:197)
	at org.junit.jupiter.api.AssertEquals.assertEquals(AssertEquals.java:150)
	at org.junit.jupiter.api.AssertEquals.assertEquals(AssertEquals.java:145)
	at org.junit.jupiter.api.Assertions.assertEquals(Assertions.java:527)
	at com.deskdb.mapping.ManyToManyTest.testJoinTableCreatedAndPopulated(ManyToManyTest.java:154)
	at java.base/java.lang.reflect.Method.invoke(Method.java:569)
	at java.base/java.util.ArrayList.forEach(ArrayList.java:1511)
	at java.base/java.util.ArrayList.forEach(ArrayList.java:1511)
]]></failure>
    <system-out><![CDATA[18:35:18.352 [main] WARN com.deskdb.core.DeskDB -- La ruta no termina en .deskdb, pero se procederá
18:35:18.353 [main] DEBUG com.deskdb.core.DeskDB -- Base de datos guardada en test_mtm.db
18:35:18.353 [main] INFO com.deskdb.core.DeskDB -- DeskDB opened at /workspace/test_mtm.db
18:35:18.353 [main] INFO com.deskdb.core.DeskDB -- Índice 'id_idx' creado en tabla 'students' para columna 'id'
18:35:18.353 [main] INFO com.deskdb.core.DeskDB -- Tabla 'students' creada con 2 columnas
18:35:18.353 [main] INFO com.deskdb.core.DeskDB -- Índice 'id_idx' creado en tabla 'courses' para columna 'id'
18:35:18.354 [main] INFO com.deskdb.core.DeskDB -- Tabla 'courses' creada con 2 columnas
18:35:18.354 [main] INFO com.deskdb.core.DeskDB -- Tabla 'student_course' creada con 2 columnas
18:35:18.372 [main] DEBUG com.deskdb.core.DeskDB -- Base de datos guardada en test_mtm.db
18:35:18.373 [main] INFO com.deskdb.core.DeskDB -- DeskDB closed at /workspace/test_mtm.db
]]></system-out>
  </testcase>
  <testcase name="testPersistStudentAndCourseWithManyToMany" classname="com.deskdb.mapping.ManyToManyTest" time="0.035">
    <failure message="expected: &lt;Alice&gt; but was: &lt;null&gt;" type="org.opentest4j.AssertionFailedError"><![CDATA[org.opentest4j.AssertionFailedError: expected: <Alice> but was: <null>
	at org.junit.jupiter.api.AssertionFailureBuilder.build(AssertionFailureBuilder.java:151)
	at org.junit.jupiter.api.AssertionFailureBuilder.buildAndThrow(AssertionFailureBuilder.java:132)
	at org.junit.jupiter.api.AssertEquals.failNotEqual(AssertEquals.java:197)
	at org.junit.jupiter.api.AssertEquals.assertEquals(AssertEquals.java:182)
	at org.junit.jupiter.api.AssertEquals.assertEquals(AssertEquals.java:177)
	at org.junit.jupiter.api.Assertions.assertEquals(Assertions.java:1141)
	at com.deskdb.mapping.ManyToManyTest.testPersistStudentAndCourseWithManyToMany(ManyToManyTest.java:130)
	at java.base/java.lang.reflect.Method.invoke(Method.java:569)
	at java.base/java.util.ArrayList.forEach(ArrayList.java:1511)
	at java.base/java.util.ArrayList.forEach(ArrayList.java:1511)
]]></failure>
    <system-out><![CDATA[18:35:18.390 [main] WARN com.deskdb.core.DeskDB -- La ruta no termina en .deskdb, pero se procederá
18:35:18.391 [main] DEBUG com.deskdb.core.DeskDB -- Base de datos guardada en test_mtm.db
18:35:18.391 [main] INFO com.deskdb.core.DeskDB -- DeskDB opened at /workspace/test_mtm.db
18:35:18.391 [main] INFO com.deskdb.core.DeskDB -- Índice 'id_idx' creado en tabla 'students' para columna 'id'
18:35:18.391 [main] INFO com.deskdb.core.DeskDB -- Tabla 'students' creada con 2 columnas
18:35:18.392 [main] INFO com.deskdb.core.DeskDB -- Índice 'id_idx' creado en tabla 'courses' para columna 'id'
18:35:18.392 [main] INFO com.deskdb.core.DeskDB -- Tabla 'courses' creada con 2 columnas
18:35:18.392 [main] INFO com.deskdb.core.DeskDB -- Tabla 'student_course' creada con 2 columnas
18:35:18.394 [main] DEBUG com.deskdb.core.DeskDB -- Base de datos guardada en test_mtm.db
18:35:18.394 [main] INFO com.deskdb.core.DeskDB -- DeskDB closed at /workspace/test_mtm.db
]]></system-out>
  </testcase>
</testsuite>