<?xml version="1.0" encoding="UTF-8"?>
<testsuite xmlns:xsi="http://www.w3.org/2001/XMLSchema-instance" xsi:noNamespaceSchemaLocation="https://maven.apache.org/surefire/maven-surefire-plugin/xsd/surefire-test-report-3.0.xsd" version="3.0" name="com.deskdb.mapping.test.RelationshipMappingTest" time="0.319" tests="4" errors="0" skipped="0" failures="0">
  <properties>
[...]
</properties>
  <testcase name="testBookWithoutAuthor" classname="com.deskdb.mapping.test.RelationshipMappingTest" time="0.197">
    <system-out><![CDATA[16:53:03.818 [main] WARN com.deskdb.core.DeskDB -- La ruta no termina en .deskdb, pero se procederá
16:53:03.823 [main] DEBUG com.deskdb.core.DeskDB -- Base de datos guardada en /tmp/junit7740879876745681582/relationships.db
16:53:03.840 [main] INFO com.deskdb.storage.Wal -- WAL initialized at /tmp/junit7740879876745681582/relationships.db.wal
16:53:03.840 [main] INFO com.deskdb.core.DeskDB -- DeskDB opened at /tmp/junit7740879876745681582/relationships.db with WAL at /tmp/junit7740879876745681582/relationships.db.wal
16:53:03.858 [main] INFO com.deskdb.core.DeskDB -- Tabla 'authors' creada con 2 columnas
16:53:03.859 [main] INFO com.deskdb.core.DeskDB -- Tabla 'books' creada con 3 columnas
]]></system-out>
  </testcase>
  <testcase name="testFindAllWithRelationships" classname="com.deskdb.mapping.test.RelationshipMappingTest" time="0.04">
    <system-out><![CDATA[16:53:04.018 [main] WARN com.deskdb.core.DeskDB -- La ruta no termina en .deskdb, pero se procederá
16:53:04.019 [main] DEBUG com.deskdb.core.DeskDB -- Base de datos guardada en /tmp/junit4441844875327759713/relationships.db
16:53:04.019 [main] INFO com.deskdb.storage.Wal -- WAL initialized at /tmp/junit4441844875327759713/relationships.db.wal
16:53:04.020 [main] INFO com.deskdb.core.DeskDB -- DeskDB opened at /tmp/junit4441844875327759713/relationships.db with WAL at /tmp/junit4441844875327759713/relationships.db.wal
16:53:04.020 [main] INFO com.deskdb.core.DeskDB -- Tabla 'authors' creada con 2 columnas
16:53:04.020 [main] INFO com.deskdb.core.DeskDB -- Tabla 'books' creada con 3 columnas
]]></system-out>
  </testcase>
  <testcase name="testPersistAndLoadWithManyToOne" classname="com.deskdb.mapping.test.RelationshipMappingTest" time="0.017">
    <system-out><![CDATA[16:53:04.062 [main] WARN com.deskdb.core.DeskDB -- La ruta no termina en .deskdb, pero se procederá
16:53:04.062 [main] DEBUG com.deskdb.core.DeskDB -- Base de datos guardada en /tmp/junit1883352047179243635/relationships.db
16:53:04.062 [main] INFO com.deskdb.storage.Wal -- WAL initialized at /tmp/junit1883352047179243635/relationships.db.wal
16:53:04.062 [main] INFO com.deskdb.core.DeskDB -- DeskDB opened at /tmp/junit1883352047179243635/relationships.db with WAL at /tmp/junit1883352047179243635/relationships.db.wal
16:53:04.062 [main] INFO com.deskdb.core.DeskDB -- Tabla 'authors' creada con 2 columnas
16:53:04.062 [main] INFO com.deskdb.core.DeskDB -- Tabla 'books' creada con 3 columnas
]]></system-out>
  </testcase>
  <testcase name="testMultipleBooksSameAuthor" classname="com.deskdb.mapping.test.RelationshipMappingTest" time="0.003">
    <system-out><![CDATA[16:53:04.080 [main] WARN com.deskdb.core.DeskDB -- La ruta no termina en .deskdb, pero se procederá
16:53:04.080 [main] DEBUG com.deskdb.core.DeskDB -- Base de datos guardada en /tmp/junit2843858814924880833/relationships.db
16:53:04.080 [main] INFO com.deskdb.storage.Wal -- WAL initialized at /tmp/junit2843858814924880833/relationships.db.wal
16:53:04.080 [main] INFO com.deskdb.core.DeskDB -- DeskDB opened at /tmp/junit2843858814924880833/relationships.db with WAL at /tmp/junit2843858814924880833/relationships.db.wal
16:53:04.081 [main] INFO com.deskdb.core.DeskDB -- Tabla 'authors' creada con 2 columnas
16:53:04.081 [main] INFO com.deskdb.core.DeskDB -- Tabla 'books' creada con 3 columnas
]]></system-out>
  </testcase>
</testsuite>